The system is: Linux - 4.18.0-240.1.1.el8_3.x86_64 - x86_64
Compiling the C compiler identification source file "CMakeCCompilerId.c" succeeded.
Compiler: /usr/bin/cc 
Build flags: --coverage
Id flags:  

The output was:
0


Compilation of the C compiler identification source "CMakeCCompilerId.c" produced "CMakeCCompilerId.gcno"

Compilation of the C compiler identification source "CMakeCCompilerId.c" produced "a.out"

The C compiler identification is GNU, found in "/home/chuancey/tmp/tmp.uvDJqAdkKi/cmake-build-debug-coverage/CMakeFiles/3.11.4/CompilerIdC/a.out"

Determining if the C compiler works passed with the following output:
Change Dir: /home/chuancey/tmp/tmp.uvDJqAdkKi/cmake-build-debug-coverage/CMakeFiles/CMakeTmp

Run Build Command:"/usr/bin/gmake" "cmTC_01e9b/fast"
/usr/bin/gmake -f CMakeFiles/cmTC_01e9b.dir/build.make CMakeFiles/cmTC_01e9b.dir/build
gmake[1]: Entering directory '/home/chuancey/tmp/tmp.uvDJqAdkKi/cmake-build-debug-coverage/CMakeFiles/CMakeTmp'
Building C object CMakeFiles/cmTC_01e9b.dir/testCCompiler.c.o
/usr/bin/cc   --coverage    -o CMakeFiles/cmTC_01e9b.dir/testCCompiler.c.o   -c /home/chuancey/tmp/tmp.uvDJqAdkKi/cmake-build-debug-coverage/CMakeFiles/CMakeTmp/testCCompiler.c
Linking C executable cmTC_01e9b
/usr/bin/cmake -E cmake_link_script CMakeFiles/cmTC_01e9b.dir/link.txt --verbose=1
/usr/bin/cc --coverage     CMakeFiles/cmTC_01e9b.dir/testCCompiler.c.o  -o cmTC_01e9b 
gmake[1]: Leaving directory '/home/chuancey/tmp/tmp.uvDJqAdkKi/cmake-build-debug-coverage/CMakeFiles/CMakeTmp'


Detecting C compiler ABI info compiled with the following output:
Change Dir: /home/chuancey/tmp/tmp.uvDJqAdkKi/cmake-build-debug-coverage/CMakeFiles/CMakeTmp

Run Build Command:"/usr/bin/gmake" "cmTC_58073/fast"
/usr/bin/gmake -f CMakeFiles/cmTC_58073.dir/build.make CMakeFiles/cmTC_58073.dir/build
gmake[1]: Entering directory '/home/chuancey/tmp/tmp.uvDJqAdkKi/cmake-build-debug-coverage/CMakeFiles/CMakeTmp'
Building C object CMakeFiles/cmTC_58073.dir/CMakeCCompilerABI.c.o
/usr/bin/cc   --coverage    -o CMakeFiles/cmTC_58073.dir/CMakeCCompilerABI.c.o   -c /usr/share/cmake/Modules/CMakeCCompilerABI.c
Linking C executable cmTC_58073
/usr/bin/cmake -E cmake_link_script CMakeFiles/cmTC_58073.dir/link.txt --verbose=1
/usr/bin/cc --coverage    -v CMakeFiles/cmTC_58073.dir/CMakeCCompilerABI.c.o  -o cmTC_58073 
Using built-in specs.
COLLECT_GCC=/usr/bin/cc
COLLECT_LTO_WRAPPER=/usr/libexec/gcc/x86_64-redhat-linux/8/lto-wrapper
OFFLOAD_TARGET_NAMES=nvptx-none
OFFLOAD_TARGET_DEFAULT=1
Target: x86_64-redhat-linux
Configured with: ../configure --enable-bootstrap --enable-languages=c,c++,fortran,lto --prefix=/usr --mandir=/usr/share/man --infodir=/usr/share/info --with-bugurl=http://bugzilla.redhat.com/bugzilla --enable-shared --enable-threads=posix --enable-checking=release --enable-multilib --with-system-zlib --enable-__cxa_atexit --disable-libunwind-exceptions --enable-gnu-unique-object --enable-linker-build-id --with-gcc-major-version-only --with-linker-hash-style=gnu --enable-plugin --enable-initfini-array --with-isl --disable-libmpx --enable-offload-targets=nvptx-none --without-cuda-driver --enable-gnu-indirect-function --enable-cet --with-tune=generic --with-arch_32=x86-64 --build=x86_64-redhat-linux
Thread model: posix
gcc version 8.3.1 20191121 (Red Hat 8.3.1-5) (GCC) 
COMPILER_PATH=/usr/libexec/gcc/x86_64-redhat-linux/8/:/usr/libexec/gcc/x86_64-redhat-linux/8/:/usr/libexec/gcc/x86_64-redhat-linux/:/usr/lib/gcc/x86_64-redhat-linux/8/:/usr/lib/gcc/x86_64-redhat-linux/
LIBRARY_PATH=/usr/lib/gcc/x86_64-redhat-linux/8/:/usr/lib/gcc/x86_64-redhat-linux/8/../../../../lib64/:/lib/../lib64/:/usr/lib/../lib64/:/usr/lib/gcc/x86_64-redhat-linux/8/../../../:/lib/:/usr/lib/
COLLECT_GCC_OPTIONS='-coverage' '-v' '-o' 'cmTC_58073' '-mtune=generic' '-march=x86-64'
 /usr/libexec/gcc/x86_64-redhat-linux/8/collect2 -plugin /usr/libexec/gcc/x86_64-redhat-linux/8/liblto_plugin.so -plugin-opt=/usr/libexec/gcc/x86_64-redhat-linux/8/lto-wrapper -plugin-opt=-fresolution=/tmp/cc1GpzZ1.res -plugin-opt=-pass-through=-lgcc -plugin-opt=-pass-through=-lgcc_s -plugin-opt=-pass-through=-lc -plugin-opt=-pass-through=-lgcc -plugin-opt=-pass-through=-lgcc_s --build-id --no-add-needed --eh-frame-hdr --hash-style=gnu -m elf_x86_64 -dynamic-linker /lib64/ld-linux-x86-64.so.2 -o cmTC_58073 /usr/lib/gcc/x86_64-redhat-linux/8/../../../../lib64/crt1.o /usr/lib/gcc/x86_64-redhat-linux/8/../../../../lib64/crti.o /usr/lib/gcc/x86_64-redhat-linux/8/crtbegin.o -L/usr/lib/gcc/x86_64-redhat-linux/8 -L/usr/lib/gcc/x86_64-redhat-linux/8/../../../../lib64 -L/lib/../lib64 -L/usr/lib/../lib64 -L/usr/lib/gcc/x86_64-redhat-linux/8/../../.. CMakeFiles/cmTC_58073.dir/CMakeCCompilerABI.c.o -lgcov -lgcc --as-needed -lgcc_s --no-as-needed -lc -lgcc --as-needed -lgcc_s --no-as-needed /usr/lib/gcc/x86_64-redhat-linux/8/crtend.o /usr/lib/gcc/x86_64-redhat-linux/8/../../../../lib64/crtn.o
COLLECT_GCC_OPTIONS='-coverage' '-v' '-o' 'cmTC_58073' '-mtune=generic' '-march=x86-64'
gmake[1]: Leaving directory '/home/chuancey/tmp/tmp.uvDJqAdkKi/cmake-build-debug-coverage/CMakeFiles/CMakeTmp'


Parsed C implicit link information from above output:
  link line regex: [^( *|.*[/\])(ld|CMAKE_LINK_STARTFILE-NOTFOUND|([^/\]+-)?ld|collect2)[^/\]*( |$)]
  ignore line: [Change Dir: /home/chuancey/tmp/tmp.uvDJqAdkKi/cmake-build-debug-coverage/CMakeFiles/CMakeTmp]
  ignore line: []
  ignore line: [Run Build Command:"/usr/bin/gmake" "cmTC_58073/fast"]
  ignore line: [/usr/bin/gmake -f CMakeFiles/cmTC_58073.dir/build.make CMakeFiles/cmTC_58073.dir/build]
  ignore line: [gmake[1]: Entering directory '/home/chuancey/tmp/tmp.uvDJqAdkKi/cmake-build-debug-coverage/CMakeFiles/CMakeTmp']
  ignore line: [Building C object CMakeFiles/cmTC_58073.dir/CMakeCCompilerABI.c.o]
  ignore line: [/usr/bin/cc   --coverage    -o CMakeFiles/cmTC_58073.dir/CMakeCCompilerABI.c.o   -c /usr/share/cmake/Modules/CMakeCCompilerABI.c]
  ignore line: [Linking C executable cmTC_58073]
  ignore line: [/usr/bin/cmake -E cmake_link_script CMakeFiles/cmTC_58073.dir/link.txt --verbose=1]
  ignore line: [/usr/bin/cc --coverage    -v CMakeFiles/cmTC_58073.dir/CMakeCCompilerABI.c.o  -o cmTC_58073 ]
  ignore line: [Using built-in specs.]
  ignore line: [COLLECT_GCC=/usr/bin/cc]
  ignore line: [COLLECT_LTO_WRAPPER=/usr/libexec/gcc/x86_64-redhat-linux/8/lto-wrapper]
  ignore line: [OFFLOAD_TARGET_NAMES=nvptx-none]
  ignore line: [OFFLOAD_TARGET_DEFAULT=1]
  ignore line: [Target: x86_64-redhat-linux]
  ignore line: [Configured with: ../configure --enable-bootstrap --enable-languages=c,c++,fortran,lto --prefix=/usr --mandir=/usr/share/man --infodir=/usr/share/info --with-bugurl=http://bugzilla.redhat.com/bugzilla --enable-shared --enable-threads=posix --enable-checking=release --enable-multilib --with-system-zlib --enable-__cxa_atexit --disable-libunwind-exceptions --enable-gnu-unique-object --enable-linker-build-id --with-gcc-major-version-only --with-linker-hash-style=gnu --enable-plugin --enable-initfini-array --with-isl --disable-libmpx --enable-offload-targets=nvptx-none --without-cuda-driver --enable-gnu-indirect-function --enable-cet --with-tune=generic --with-arch_32=x86-64 --build=x86_64-redhat-linux]
  ignore line: [Thread model: posix]
  ignore line: [gcc version 8.3.1 20191121 (Red Hat 8.3.1-5) (GCC) ]
  ignore line: [COMPILER_PATH=/usr/libexec/gcc/x86_64-redhat-linux/8/:/usr/libexec/gcc/x86_64-redhat-linux/8/:/usr/libexec/gcc/x86_64-redhat-linux/:/usr/lib/gcc/x86_64-redhat-linux/8/:/usr/lib/gcc/x86_64-redhat-linux/]
  ignore line: [LIBRARY_PATH=/usr/lib/gcc/x86_64-redhat-linux/8/:/usr/lib/gcc/x86_64-redhat-linux/8/../../../../lib64/:/lib/../lib64/:/usr/lib/../lib64/:/usr/lib/gcc/x86_64-redhat-linux/8/../../../:/lib/:/usr/lib/]
  ignore line: [COLLECT_GCC_OPTIONS='-coverage' '-v' '-o' 'cmTC_58073' '-mtune=generic' '-march=x86-64']
  link line: [ /usr/libexec/gcc/x86_64-redhat-linux/8/collect2 -plugin /usr/libexec/gcc/x86_64-redhat-linux/8/liblto_plugin.so -plugin-opt=/usr/libexec/gcc/x86_64-redhat-linux/8/lto-wrapper -plugin-opt=-fresolution=/tmp/cc1GpzZ1.res -plugin-opt=-pass-through=-lgcc -plugin-opt=-pass-through=-lgcc_s -plugin-opt=-pass-through=-lc -plugin-opt=-pass-through=-lgcc -plugin-opt=-pass-through=-lgcc_s --build-id --no-add-needed --eh-frame-hdr --hash-style=gnu -m elf_x86_64 -dynamic-linker /lib64/ld-linux-x86-64.so.2 -o cmTC_58073 /usr/lib/gcc/x86_64-redhat-linux/8/../../../../lib64/crt1.o /usr/lib/gcc/x86_64-redhat-linux/8/../../../../lib64/crti.o /usr/lib/gcc/x86_64-redhat-linux/8/crtbegin.o -L/usr/lib/gcc/x86_64-redhat-linux/8 -L/usr/lib/gcc/x86_64-redhat-linux/8/../../../../lib64 -L/lib/../lib64 -L/usr/lib/../lib64 -L/usr/lib/gcc/x86_64-redhat-linux/8/../../.. CMakeFiles/cmTC_58073.dir/CMakeCCompilerABI.c.o -lgcov -lgcc --as-needed -lgcc_s --no-as-needed -lc -lgcc --as-needed -lgcc_s --no-as-needed /usr/lib/gcc/x86_64-redhat-linux/8/crtend.o /usr/lib/gcc/x86_64-redhat-linux/8/../../../../lib64/crtn.o]
    arg [/usr/libexec/gcc/x86_64-redhat-linux/8/collect2] ==> ignore
    arg [-plugin] ==> ignore
    arg [/usr/libexec/gcc/x86_64-redhat-linux/8/liblto_plugin.so] ==> ignore
    arg [-plugin-opt=/usr/libexec/gcc/x86_64-redhat-linux/8/lto-wrapper] ==> ignore
    arg [-plugin-opt=-fresolution=/tmp/cc1GpzZ1.res] ==> ignore
    arg [-plugin-opt=-pass-through=-lgcc] ==> ignore
    arg [-plugin-opt=-pass-through=-lgcc_s] ==> ignore
    arg [-plugin-opt=-pass-through=-lc] ==> ignore
    arg [-plugin-opt=-pass-through=-lgcc] ==> ignore
    arg [-plugin-opt=-pass-through=-lgcc_s] ==> ignore
    arg [--build-id] ==> ignore
    arg [--no-add-needed] ==> ignore
    arg [--eh-frame-hdr] ==> ignore
    arg [--hash-style=gnu] ==> ignore
    arg [-m] ==> ignore
    arg [elf_x86_64] ==> ignore
    arg [-dynamic-linker] ==> ignore
    arg [/lib64/ld-linux-x86-64.so.2] ==> ignore
    arg [-o] ==> ignore
    arg [cmTC_58073] ==> ignore
    arg [/usr/lib/gcc/x86_64-redhat-linux/8/../../../../lib64/crt1.o] ==> ignore
    arg [/usr/lib/gcc/x86_64-redhat-linux/8/../../../../lib64/crti.o] ==> ignore
    arg [/usr/lib/gcc/x86_64-redhat-linux/8/crtbegin.o] ==> ignore
    arg [-L/usr/lib/gcc/x86_64-redhat-linux/8] ==> dir [/usr/lib/gcc/x86_64-redhat-linux/8]
    arg [-L/usr/lib/gcc/x86_64-redhat-linux/8/../../../../lib64] ==> dir [/usr/lib/gcc/x86_64-redhat-linux/8/../../../../lib64]
    arg [-L/lib/../lib64] ==> dir [/lib/../lib64]
    arg [-L/usr/lib/../lib64] ==> dir [/usr/lib/../lib64]
    arg [-L/usr/lib/gcc/x86_64-redhat-linux/8/../../..] ==> dir [/usr/lib/gcc/x86_64-redhat-linux/8/../../..]
    arg [CMakeFiles/cmTC_58073.dir/CMakeCCompilerABI.c.o] ==> ignore
    arg [-lgcov] ==> lib [gcov]
    arg [-lgcc] ==> lib [gcc]
    arg [--as-needed] ==> ignore
    arg [-lgcc_s] ==> lib [gcc_s]
    arg [--no-as-needed] ==> ignore
    arg [-lc] ==> lib [c]
    arg [-lgcc] ==> lib [gcc]
    arg [--as-needed] ==> ignore
    arg [-lgcc_s] ==> lib [gcc_s]
    arg [--no-as-needed] ==> ignore
    arg [/usr/lib/gcc/x86_64-redhat-linux/8/crtend.o] ==> ignore
    arg [/usr/lib/gcc/x86_64-redhat-linux/8/../../../../lib64/crtn.o] ==> ignore
  collapse library dir [/usr/lib/gcc/x86_64-redhat-linux/8] ==> [/usr/lib/gcc/x86_64-redhat-linux/8]
  collapse library dir [/usr/lib/gcc/x86_64-redhat-linux/8/../../../../lib64] ==> [/usr/lib64]
  collapse library dir [/lib/../lib64] ==> [/lib64]
  collapse library dir [/usr/lib/../lib64] ==> [/usr/lib64]
  collapse library dir [/usr/lib/gcc/x86_64-redhat-linux/8/../../..] ==> [/usr/lib]
  implicit libs: [gcov;gcc;gcc_s;c;gcc;gcc_s]
  implicit dirs: [/usr/lib/gcc/x86_64-redhat-linux/8;/usr/lib64;/lib64;/usr/lib]
  implicit fwks: []




Detecting C [-std=c11] compiler features compiled with the following output:
Change Dir: /home/chuancey/tmp/tmp.uvDJqAdkKi/cmake-build-debug-coverage/CMakeFiles/CMakeTmp

Run Build Command:"/usr/bin/gmake" "cmTC_cbc52/fast"
/usr/bin/gmake -f CMakeFiles/cmTC_cbc52.dir/build.make CMakeFiles/cmTC_cbc52.dir/build
gmake[1]: Entering directory '/home/chuancey/tmp/tmp.uvDJqAdkKi/cmake-build-debug-coverage/CMakeFiles/CMakeTmp'
Building C object CMakeFiles/cmTC_cbc52.dir/feature_tests.c.o
/usr/bin/cc   --coverage    -std=c11 -o CMakeFiles/cmTC_cbc52.dir/feature_tests.c.o   -c /home/chuancey/tmp/tmp.uvDJqAdkKi/cmake-build-debug-coverage/CMakeFiles/feature_tests.c
Linking C executable cmTC_cbc52
/usr/bin/cmake -E cmake_link_script CMakeFiles/cmTC_cbc52.dir/link.txt --verbose=1
/usr/bin/cc --coverage     CMakeFiles/cmTC_cbc52.dir/feature_tests.c.o  -o cmTC_cbc52 
gmake[1]: Leaving directory '/home/chuancey/tmp/tmp.uvDJqAdkKi/cmake-build-debug-coverage/CMakeFiles/CMakeTmp'


    Feature record: C_FEATURE:1c_function_prototypes
    Feature record: C_FEATURE:1c_restrict
    Feature record: C_FEATURE:1c_static_assert
    Feature record: C_FEATURE:1c_variadic_macros


Detecting C [-std=c99] compiler features compiled with the following output:
Change Dir: /home/chuancey/tmp/tmp.uvDJqAdkKi/cmake-build-debug-coverage/CMakeFiles/CMakeTmp

Run Build Command:"/usr/bin/gmake" "cmTC_5b466/fast"
/usr/bin/gmake -f CMakeFiles/cmTC_5b466.dir/build.make CMakeFiles/cmTC_5b466.dir/build
gmake[1]: Entering directory '/home/chuancey/tmp/tmp.uvDJqAdkKi/cmake-build-debug-coverage/CMakeFiles/CMakeTmp'
Building C object CMakeFiles/cmTC_5b466.dir/feature_tests.c.o
/usr/bin/cc   --coverage    -std=c99 -o CMakeFiles/cmTC_5b466.dir/feature_tests.c.o   -c /home/chuancey/tmp/tmp.uvDJqAdkKi/cmake-build-debug-coverage/CMakeFiles/feature_tests.c
Linking C executable cmTC_5b466
/usr/bin/cmake -E cmake_link_script CMakeFiles/cmTC_5b466.dir/link.txt --verbose=1
/usr/bin/cc --coverage     CMakeFiles/cmTC_5b466.dir/feature_tests.c.o  -o cmTC_5b466 
gmake[1]: Leaving directory '/home/chuancey/tmp/tmp.uvDJqAdkKi/cmake-build-debug-coverage/CMakeFiles/CMakeTmp'


    Feature record: C_FEATURE:1c_function_prototypes
    Feature record: C_FEATURE:1c_restrict
    Feature record: C_FEATURE:0c_static_assert
    Feature record: C_FEATURE:1c_variadic_macros


Detecting C [-std=c90] compiler features compiled with the following output:
Change Dir: /home/chuancey/tmp/tmp.uvDJqAdkKi/cmake-build-debug-coverage/CMakeFiles/CMakeTmp

Run Build Command:"/usr/bin/gmake" "cmTC_0e6f1/fast"
/usr/bin/gmake -f CMakeFiles/cmTC_0e6f1.dir/build.make CMakeFiles/cmTC_0e6f1.dir/build
gmake[1]: Entering directory '/home/chuancey/tmp/tmp.uvDJqAdkKi/cmake-build-debug-coverage/CMakeFiles/CMakeTmp'
Building C object CMakeFiles/cmTC_0e6f1.dir/feature_tests.c.o
/usr/bin/cc   --coverage    -std=c90 -o CMakeFiles/cmTC_0e6f1.dir/feature_tests.c.o   -c /home/chuancey/tmp/tmp.uvDJqAdkKi/cmake-build-debug-coverage/CMakeFiles/feature_tests.c
Linking C executable cmTC_0e6f1
/usr/bin/cmake -E cmake_link_script CMakeFiles/cmTC_0e6f1.dir/link.txt --verbose=1
/usr/bin/cc --coverage     CMakeFiles/cmTC_0e6f1.dir/feature_tests.c.o  -o cmTC_0e6f1 
gmake[1]: Leaving directory '/home/chuancey/tmp/tmp.uvDJqAdkKi/cmake-build-debug-coverage/CMakeFiles/CMakeTmp'


    Feature record: C_FEATURE:1c_function_prototypes
    Feature record: C_FEATURE:0c_restrict
    Feature record: C_FEATURE:0c_static_assert
    Feature record: C_FEATURE:0c_variadic_macros
